#
# There is insufficient memory for the Java Runtime Environment to continue.
# Native memory allocation (malloc) failed to allocate 1490416 bytes for Chunk::new
# Possible reasons:
#   The system is out of physical RAM or swap space
#   The process is running with CompressedOops enabled, and the Java Heap may be blocking the growth of the native heap
# Possible solutions:
#   Reduce memory load on the system
#   Increase physical memory or swap space
#   Check if swap backing store is full
#   Decrease Java heap size (-Xmx/-Xms)
#   Decrease number of Java threads
#   Decrease Java thread stack sizes (-Xss)
#   Set larger code cache with -XX:ReservedCodeCacheSize=
#   JVM is running with Unscaled Compressed Oops mode in which the Java heap is
#     placed in the first 4GB address space. The Java Heap base address is the
#     maximum limit for the native heap growth. Please use -XX:HeapBaseMinAddress
#     to set the Java Heap base and to place the Java Heap above 4GB virtual address.
# This output file may be truncated or incomplete.
#
#  Out of Memory Error (allocation.cpp:389), pid=180, tid=0x0000000000002a68
#
# JRE version: OpenJDK Runtime Environment (8.0_202-b03) (build 1.8.0_202-release-1483-b03)
# Java VM: OpenJDK 64-Bit Server VM (25.202-b03 mixed mode windows-amd64 compressed oops)
# Failed to write core dump. Minidumps are not enabled by default on client versions of Windows
#

---------------  T H R E A D  ---------------

Current thread (0x00000000163c4000):  JavaThread "C2 CompilerThread1" daemon [_thread_in_native, id=10856, stack(0x0000000017b10000,0x0000000017c10000)]

Stack: [0x0000000017b10000,0x0000000017c10000]
[error occurred during error reporting (printing stack bounds), id 0xc0000005]

Native frames: (J=compiled Java code, j=interpreted, Vv=VM code, C=native code)


Current CompileTask:
C2:10924907 14428   !   4       java.lang.Class::getEnumConstantsShared (73 bytes)


---------------  P R O C E S S  ---------------

Java Threads: ( => current thread )
  0x000000001cb20000 JavaThread "Cache worker for Java compile cache (C:\Users\y.ahmad\AndroidStudioProjects\ViewModelDemoApp\.gradle\5.4.1\javaCompile)" [_thread_blocked, id=12300, stack(0x0000000028960000,0x0000000028a60000)]
  0x000000001cb1c800 JavaThread "Cache worker for Java compile cache (C:\Users\y.ahmad\.gradle\caches\5.4.1\javaCompile)" [_thread_blocked, id=7144, stack(0x0000000028860000,0x0000000028960000)]
  0x000000001cb1e800 JavaThread "stdout" [_thread_in_native, id=132, stack(0x0000000028760000,0x0000000028860000)]
  0x000000001cb23000 JavaThread "stderr" [_thread_in_native, id=8500, stack(0x0000000028660000,0x0000000028760000)]
  0x000000001cb1e000 JavaThread "stdout" [_thread_in_native, id=13644, stack(0x0000000028560000,0x0000000028660000)]
  0x00000000193b6000 JavaThread "stderr" [_thread_in_native, id=12572, stack(0x0000000028460000,0x0000000028560000)]
  0x00000000193b5800 JavaThread "stdout" [_thread_in_native, id=13468, stack(0x0000000028360000,0x0000000028460000)]
  0x00000000193b4000 JavaThread "stderr" [_thread_in_native, id=2096, stack(0x0000000028260000,0x0000000028360000)]
  0x000000001c2e7800 JavaThread "stdout" [_thread_in_native, id=8672, stack(0x0000000028160000,0x0000000028260000)]
  0x000000001c2e6800 JavaThread "stderr" [_thread_in_native, id=10084, stack(0x0000000028060000,0x0000000028160000)]
  0x000000001c2e3800 JavaThread "pool-6-thread-1" [_thread_blocked, id=2864, stack(0x0000000027f60000,0x0000000028060000)]
  0x000000001c2e3000 JavaThread "WorkerExecutor Queue Thread 4" [_thread_blocked, id=13164, stack(0x0000000027e60000,0x0000000027f60000)]
  0x000000001c2e6000 JavaThread "WorkerExecutor Queue Thread 3" [_thread_blocked, id=14276, stack(0x0000000027d60000,0x0000000027e60000)]
  0x000000001c2db000 JavaThread "WorkerExecutor Queue Thread 2" [_thread_blocked, id=13368, stack(0x0000000027c60000,0x0000000027d60000)]
  0x000000001c2e2000 JavaThread "WorkerExecutor Queue" [_thread_blocked, id=12108, stack(0x0000000027b60000,0x0000000027c60000)]
  0x000000001c2dc800 JavaThread "Cache worker for execution history cache (C:\Users\y.ahmad\AndroidStudioProjects\ViewModelDemoApp\.gradle\5.4.1\executionHistory)" [_thread_blocked, id=14204, stack(0x0000000027a60000,0x0000000027b60000)]
  0x000000001c2dc000 JavaThread "Execution worker for ':' Thread 3" [_thread_blocked, id=6108, stack(0x0000000027960000,0x0000000027a60000)]
  0x000000001c2e1800 JavaThread "Execution worker for ':' Thread 2" [_thread_blocked, id=11780, stack(0x0000000027860000,0x0000000027960000)]
  0x000000001c2d8000 JavaThread "Execution worker for ':'" [_thread_blocked, id=5780, stack(0x0000000027760000,0x0000000027860000)]
  0x0000000020c4d800 JavaThread "Cache worker for file content cache (C:\Users\y.ahmad\AndroidStudioProjects\ViewModelDemoApp\.gradle\5.4.1\fileContent)" [_thread_blocked, id=6432, stack(0x0000000027660000,0x0000000027760000)]
  0x0000000020c53800 JavaThread "Cache worker for file content cache (C:\Users\y.ahmad\.gradle\caches\5.4.1\fileContent)" [_thread_blocked, id=9592, stack(0x0000000027560000,0x0000000027660000)]
  0x0000000020c52000 JavaThread "Cache worker for Build Output Cleanup Cache (C:\Users\y.ahmad\AndroidStudioProjects\ViewModelDemoApp\.gradle\buildOutputCleanup)" [_thread_blocked, id=10552, stack(0x0000000027460000,0x0000000027560000)]
  0x0000000020c4a800 JavaThread "Build operations Thread 4" [_thread_blocked, id=4900, stack(0x0000000027360000,0x0000000027460000)]
  0x0000000020c4f000 JavaThread "Build operations Thread 3" [_thread_blocked, id=6056, stack(0x0000000027260000,0x0000000027360000)]
  0x0000000020c4e000 JavaThread "Build operations Thread 2" [_thread_blocked, id=1156, stack(0x0000000027160000,0x0000000027260000)]
  0x0000000020c4c800 JavaThread "Build operations" [_thread_blocked, id=12908, stack(0x0000000027060000,0x0000000027160000)]
  0x0000000020c4c000 JavaThread "Cache worker for cache directory md-rule (C:\Users\y.ahmad\.gradle\caches\5.4.1\md-rule)" [_thread_blocked, id=13836, stack(0x0000000026f60000,0x0000000027060000)]
  0x0000000020c51000 JavaThread "Cache worker for cache directory md-supplier (C:\Users\y.ahmad\.gradle\caches\5.4.1\md-supplier)" [_thread_blocked, id=1268, stack(0x0000000026e60000,0x0000000026f60000)]
  0x0000000020c50800 JavaThread "Cache worker for file hash cache (C:\Users\y.ahmad\AndroidStudioProjects\ViewModelDemoApp\.gradle\5.4.1\fileHashes)" [_thread_blocked, id=12848, stack(0x0000000026d60000,0x0000000026e60000)]
  0x0000000020c46000 JavaThread "Thread-50" [_thread_blocked, id=13040, stack(0x0000000026c60000,0x0000000026d60000)]
  0x0000000020c46800 JavaThread "Stdin handler" [_thread_blocked, id=9820, stack(0x0000000026b60000,0x0000000026c60000)]
  0x0000000020c49800 JavaThread "Asynchronous log dispatcher for DefaultDaemonConnection: socket connection from /127.0.0.1:53842 to /127.0.0.1:55193" [_thread_blocked, id=9108, stack(0x0000000026a60000,0x0000000026b60000)]
  0x0000000020c48000 JavaThread "Daemon worker Thread 3" [_thread_in_native, id=7448, stack(0x0000000026960000,0x0000000026a60000)]
  0x0000000020c47800 JavaThread "Cancel handler" [_thread_blocked, id=12568, stack(0x0000000026860000,0x0000000026960000)]
  0x0000000020c44800 JavaThread "Handler for socket connection from /127.0.0.1:53842 to /127.0.0.1:55193" [_thread_in_native, id=3868, stack(0x0000000026760000,0x0000000026860000)]
  0x0000000020c45000 JavaThread "Daemon Thread 3" [_thread_blocked, id=5788, stack(0x0000000026660000,0x0000000026760000)]
  0x000000001c2df800 JavaThread "Memory manager" [_thread_blocked, id=10260, stack(0x0000000022f00000,0x0000000023000000)]
  0x00000000193b7000 JavaThread "Cache worker for execution history cache (C:\Users\y.ahmad\.gradle\caches\5.4.1\executionHistory)" [_thread_blocked, id=360, stack(0x000000001f030000,0x000000001f130000)]
  0x00000000193b8800 JavaThread "Cache worker for journal cache (C:\Users\y.ahmad\.gradle\caches\journal-1)" [_thread_blocked, id=10116, stack(0x000000001af60000,0x000000001b060000)]
  0x00000000193b9000 JavaThread "File lock request listener" [_thread_in_native, id=9484, stack(0x000000001ae60000,0x000000001af60000)]
  0x0000000019595800 JavaThread "Cache worker for file hash cache (C:\Users\y.ahmad\.gradle\caches\5.4.1\fileHashes)" [_thread_blocked, id=10636, stack(0x000000001ad60000,0x000000001ae60000)]
  0x0000000018c1a000 JavaThread "Daemon periodic checks" [_thread_blocked, id=8852, stack(0x000000001a360000,0x000000001a460000)]
  0x000000001886e000 JavaThread "Incoming local TCP Connector on port 53842" [_thread_in_native, id=9508, stack(0x000000001a120000,0x000000001a220000)]
  0x00000000190ad000 JavaThread "Daemon health stats" [_thread_blocked, id=2416, stack(0x0000000019ae0000,0x0000000019be0000)]
  0x0000000017d40800 JavaThread "Service Thread" daemon [_thread_blocked, id=13948, stack(0x0000000018110000,0x0000000018210000)]
  0x00000000163c8000 JavaThread "C1 CompilerThread2" daemon [_thread_blocked, id=9184, stack(0x0000000017c10000,0x0000000017d10000)]
=>0x00000000163c4000 JavaThread "C2 CompilerThread1" daemon [_thread_in_native, id=10856, stack(0x0000000017b10000,0x0000000017c10000)]
  0x00000000163c0800 JavaThread "C2 CompilerThread0" daemon [_thread_in_native, id=13844, stack(0x0000000017a10000,0x0000000017b10000)]
  0x00000000163bf000 JavaThread "Attach Listener" daemon [_thread_blocked, id=13628, stack(0x0000000017910000,0x0000000017a10000)]
  0x00000000163bc000 JavaThread "Signal Dispatcher" daemon [_thread_blocked, id=13348, stack(0x0000000017810000,0x0000000017910000)]
  0x0000000002a4c800 JavaThread "Finalizer" daemon [_thread_blocked, id=7340, stack(0x0000000017610000,0x0000000017710000)]
  0x00000000163a9000 JavaThread "Reference Handler" daemon [_thread_blocked, id=8180, stack(0x0000000017510000,0x0000000017610000)]
  0x0000000002952800 JavaThread "main" [_thread_blocked, id=12456, stack(0x0000000002850000,0x0000000002950000)]

Other Threads:
  0x0000000016386800 VMThread [stack: 0x0000000017410000,0x0000000017510000] [id=7060]
  0x000000001641d000 WatcherThread [stack: 0x0000000018210000,0x0000000018310000] [id=13112]

VM state:not at safepoint (normal execution)

VM Mutex/Monitor currently owned by a thread: None

heap address: 0x00000000a0000000, size: 1536 MB, Compressed Oops mode: 32-bit
Narrow klass base: 0x0000000000000000, Narrow klass shift: 3
Compressed class space size: 1073741824 Address: 0x0000000100000000

Heap:
 PSYoungGen      total 72192K, used 10644K [0x00000000e0000000, 0x00000000e7800000, 0x0000000100000000)
  eden space 38912K, 20% used [0x00000000e0000000,0x00000000e07ed820,0x00000000e2600000)
  from space 33280K, 7% used [0x00000000e2600000,0x00000000e2877bd8,0x00000000e4680000)
  to   space 39424K, 0% used [0x00000000e5180000,0x00000000e5180000,0x00000000e7800000)
 ParOldGen       total 86016K, used 85569K [0x00000000a0000000, 0x00000000a5400000, 0x00000000e0000000)
  object space 86016K, 99% used [0x00000000a0000000,0x00000000a5390698,0x00000000a5400000)
 Metaspace       used 88139K, capacity 91004K, committed 92440K, reserved 1130496K
  class space    used 11170K, capacity 11802K, committed 12072K, reserved 1048576K

Card table byte_map: [0x0000000011e10000,0x0000000012120000] byte_map_base: 0x0000000011910000

Marking Bits: (ParMarkBitMap*) 0x00000000598f9f30
 Begin Bits: [0x0000000012720000, 0x0000000013f20000)
 End Bits:   [0x0000000013f20000, 0x0000000015720000)

Polling page: 0x0000000000fb0000

CodeCache: size=245760Kb used=41796Kb max_used=41812Kb free=203963Kb
 bounds [0x0000000002a50000, 0x0000000005360000, 0x0000000011a50000]
 total_blobs=13179 nmethods=12309 adapters=782
 compilation: enabled

Compilation events (10 events):
Event: 10924.696 Thread 0x00000000163c8000 14519       2       com.sun.tools.javac.jvm.Gen::genStat (65 bytes)
Event: 10924.696 Thread 0x00000000163c8000 nmethod 14519 0x0000000005324890 code [0x0000000005324a60, 0x0000000005324e58]
Event: 10924.701 Thread 0x00000000163c8000 14520       2       com.sun.tools.javac.jvm.Pool::get (27 bytes)
Event: 10924.702 Thread 0x00000000163c8000 nmethod 14520 0x0000000005325150 code [0x00000000053252c0, 0x0000000005325488]
Event: 10924.703 Thread 0x00000000163c8000 14521   !   2       com.sun.tools.javac.comp.DeferredAttr$DeferredAttrContext::complete (310 bytes)
Event: 10924.705 Thread 0x00000000163c8000 nmethod 14521 0x0000000005325590 code [0x0000000005325940, 0x0000000005326ae8]
Event: 10924.706 Thread 0x00000000163c8000 14522       2       com.sun.tools.javac.code.Types::firstUnimplementedAbstractImpl (271 bytes)
Event: 10924.707 Thread 0x00000000163c8000 nmethod 14522 0x00000000053281d0 code [0x0000000005328400, 0x0000000005328c48]
Event: 10924.708 Thread 0x00000000163c8000 14523       2       com.sun.tools.javac.jvm.Code::addLineNumber (93 bytes)
Event: 10924.708 Thread 0x00000000163c8000 nmethod 14523 0x0000000005329490 code [0x0000000005329620, 0x0000000005329a68]

GC Heap History (10 events):
Event: 10918.630 GC heap before
{Heap before GC invocations=45 (full 3):
 PSYoungGen      total 68608K, used 67928K [0x00000000e0000000, 0x00000000e6080000, 0x0000000100000000)
  eden space 45568K, 100% used [0x00000000e0000000,0x00000000e2c80000,0x00000000e2c80000)
  from space 23040K, 97% used [0x00000000e2d80000,0x00000000e4356010,0x00000000e4400000)
  to   space 26624K, 0% used [0x00000000e4680000,0x00000000e4680000,0x00000000e6080000)
 ParOldGen       total 72704K, used 51661K [0x00000000a0000000, 0x00000000a4700000, 0x00000000e0000000)
  object space 72704K, 71% used [0x00000000a0000000,0x00000000a3273680,0x00000000a4700000)
 Metaspace       used 81086K, capacity 84698K, committed 85016K, reserved 1122304K
  class space    used 10473K, capacity 11207K, committed 11304K, reserved 1048576K
Event: 10918.655 GC heap after
Heap after GC invocations=45 (full 3):
 PSYoungGen      total 65536K, used 26622K [0x00000000e0000000, 0x00000000e7380000, 0x0000000100000000)
  eden space 38912K, 0% used [0x00000000e0000000,0x00000000e0000000,0x00000000e2600000)
  from space 26624K, 99% used [0x00000000e4680000,0x00000000e607fa68,0x00000000e6080000)
  to   space 33280K, 0% used [0x00000000e2600000,0x00000000e2600000,0x00000000e4680000)
 ParOldGen       total 72704K, used 59671K [0x00000000a0000000, 0x00000000a4700000, 0x00000000e0000000)
  object space 72704K, 82% used [0x00000000a0000000,0x00000000a3a45d78,0x00000000a4700000)
 Metaspace       used 81086K, capacity 84698K, committed 85016K, reserved 1122304K
  class space    used 10473K, capacity 11207K, committed 11304K, reserved 1048576K
}
Event: 10920.785 GC heap before
{Heap before GC invocations=46 (full 3):
 PSYoungGen      total 65536K, used 65534K [0x00000000e0000000, 0x00000000e7380000, 0x0000000100000000)
  eden space 38912K, 100% used [0x00000000e0000000,0x00000000e2600000,0x00000000e2600000)
  from space 26624K, 99% used [0x00000000e4680000,0x00000000e607fa68,0x00000000e6080000)
  to   space 33280K, 0% used [0x00000000e2600000,0x00000000e2600000,0x00000000e4680000)
 ParOldGen       total 72704K, used 59671K [0x00000000a0000000, 0x00000000a4700000, 0x00000000e0000000)
  object space 72704K, 82% used [0x00000000a0000000,0x00000000a3a45d78,0x00000000a4700000)
 Metaspace       used 86948K, capacity 90656K, committed 90776K, reserved 1128448K
  class space    used 11149K, capacity 11912K, committed 11944K, reserved 1048576K
Event: 10920.808 GC heap after
Heap after GC invocations=46 (full 3):
 PSYoungGen      total 72192K, used 33254K [0x00000000e0000000, 0x00000000e7800000, 0x0000000100000000)
  eden space 38912K, 0% used [0x00000000e0000000,0x00000000e0000000,0x00000000e2600000)
  from space 33280K, 99% used [0x00000000e2600000,0x00000000e4679a20,0x00000000e4680000)
  to   space 39424K, 0% used [0x00000000e5180000,0x00000000e5180000,0x00000000e7800000)
 ParOldGen       total 72704K, used 61892K [0x00000000a0000000, 0x00000000a4700000, 0x00000000e0000000)
  object space 72704K, 85% used [0x00000000a0000000,0x00000000a3c71068,0x00000000a4700000)
 Metaspace       used 86948K, capacity 90656K, committed 90776K, reserved 1128448K
  class space    used 11149K, capacity 11912K, committed 11944K, reserved 1048576K
}
Event: 10921.552 GC heap before
{Heap before GC invocations=47 (full 3):
 PSYoungGen      total 72192K, used 72166K [0x00000000e0000000, 0x00000000e7800000, 0x0000000100000000)
  eden space 38912K, 100% used [0x00000000e0000000,0x00000000e2600000,0x00000000e2600000)
  from space 33280K, 99% used [0x00000000e2600000,0x00000000e4679a20,0x00000000e4680000)
  to   space 39424K, 0% used [0x00000000e5180000,0x00000000e5180000,0x00000000e7800000)
 ParOldGen       total 72704K, used 61892K [0x00000000a0000000, 0x00000000a4700000, 0x00000000e0000000)
  object space 72704K, 85% used [0x00000000a0000000,0x00000000a3c71068,0x00000000a4700000)
 Metaspace       used 88018K, capacity 91648K, committed 91928K, reserved 1128448K
  class space    used 11245K, capacity 12008K, committed 12072K, reserved 1048576K
Event: 10921.605 GC heap after
Heap after GC invocations=47 (full 3):
 PSYoungGen      total 78336K, used 39134K [0x00000000e0000000, 0x00000000e7800000, 0x0000000100000000)
  eden space 38912K, 0% used [0x00000000e0000000,0x00000000e0000000,0x00000000e2600000)
  from space 39424K, 99% used [0x00000000e5180000,0x00000000e77b7b88,0x00000000e7800000)
  to   space 33280K, 0% used [0x00000000e2600000,0x00000000e2600000,0x00000000e4680000)
 ParOldGen       total 72704K, used 62454K [0x00000000a0000000, 0x00000000a4700000, 0x00000000e0000000)
  object space 72704K, 85% used [0x00000000a0000000,0x00000000a3cfdbe0,0x00000000a4700000)
 Metaspace       used 88018K, capacity 91648K, committed 91928K, reserved 1128448K
  class space    used 11245K, capacity 12008K, committed 12072K, reserved 1048576K
}
Event: 10921.874 GC heap before
{Heap before GC invocations=48 (full 3):
 PSYoungGen      total 78336K, used 78046K [0x00000000e0000000, 0x00000000e7800000, 0x0000000100000000)
  eden space 38912K, 100% used [0x00000000e0000000,0x00000000e2600000,0x00000000e2600000)
  from space 39424K, 99% used [0x00000000e5180000,0x00000000e77b7b88,0x00000000e7800000)
  to   space 33280K, 0% used [0x00000000e2600000,0x00000000e2600000,0x00000000e4680000)
 ParOldGen       total 72704K, used 62454K [0x00000000a0000000, 0x00000000a4700000, 0x00000000e0000000)
  object space 72704K, 85% used [0x00000000a0000000,0x00000000a3cfdbe0,0x00000000a4700000)
 Metaspace       used 88084K, capacity 91712K, committed 91928K, reserved 1128448K
  class space    used 11247K, capacity 12008K, committed 12072K, reserved 1048576K
Event: 10921.912 GC heap after
Heap after GC invocations=48 (full 3):
 PSYoungGen      total 72192K, used 33255K [0x00000000e0000000, 0x00000000e7800000, 0x0000000100000000)
  eden space 38912K, 0% used [0x00000000e0000000,0x00000000e0000000,0x00000000e2600000)
  from space 33280K, 99% used [0x00000000e2600000,0x00000000e4679e18,0x00000000e4680000)
  to   space 39424K, 0% used [0x00000000e5180000,0x00000000e5180000,0x00000000e7800000)
 ParOldGen       total 86016K, used 85079K [0x00000000a0000000, 0x00000000a5400000, 0x00000000e0000000)
  object space 86016K, 98% used [0x00000000a0000000,0x00000000a5315d58,0x00000000a5400000)
 Metaspace       used 88084K, capacity 91712K, committed 91928K, reserved 1128448K
  class space    used 11247K, capacity 12008K, committed 12072K, reserved 1048576K
}
Event: 10921.920 GC heap before
{Heap before GC invocations=49 (full 4):
 PSYoungGen      total 72192K, used 33255K [0x00000000e0000000, 0x00000000e7800000, 0x0000000100000000)
  eden space 38912K, 0% used [0x00000000e0000000,0x00000000e0000000,0x00000000e2600000)
  from space 33280K, 99% used [0x00000000e2600000,0x00000000e4679e18,0x00000000e4680000)
  to   space 39424K, 0% used [0x00000000e5180000,0x00000000e5180000,0x00000000e7800000)
 ParOldGen       total 86016K, used 85079K [0x00000000a0000000, 0x00000000a5400000, 0x00000000e0000000)
  object space 86016K, 98% used [0x00000000a0000000,0x00000000a5315d58,0x00000000a5400000)
 Metaspace       used 88084K, capacity 91712K, committed 91928K, reserved 1128448K
  class space    used 11247K, capacity 12008K, committed 12072K, reserved 1048576K
Event: 10922.900 GC heap after
Heap after GC invocations=49 (full 4):
 PSYoungGen      total 72192K, used 2526K [0x00000000e0000000, 0x00000000e7800000, 0x0000000100000000)
  eden space 38912K, 0% used [0x00000000e0000000,0x00000000e0000000,0x00000000e2600000)
  from space 33280K, 7% used [0x00000000e2600000,0x00000000e2877bd8,0x00000000e4680000)
  to   space 39424K, 0% used [0x00000000e5180000,0x00000000e5180000,0x00000000e7800000)
 ParOldGen       total 86016K, used 85569K [0x00000000a0000000, 0x00000000a5400000, 0x00000000e0000000)
  object space 86016K, 99% used [0x00000000a0000000,0x00000000a5390698,0x00000000a5400000)
 Metaspace       used 87359K, capacity 90236K, committed 91928K, reserved 1128448K
  class space    used 11102K, capacity 11738K, committed 12072K, reserved 1048576K
}

Deoptimization events (10 events):
Event: 10924.132 Thread 0x0000000020c48000 Uncommon trap: reason=class_check action=maybe_recompile pc=0x00000000051eb918 method=com.sun.tools.javac.tree.JCTree$JCModifiers.accept(Lcom/sun/tools/javac/tree/JCTree$Visitor;)V @ 2
Event: 10924.132 Thread 0x0000000020c48000 Uncommon trap: reason=class_check action=maybe_recompile pc=0x00000000051eb918 method=com.sun.tools.javac.tree.JCTree$JCModifiers.accept(Lcom/sun/tools/javac/tree/JCTree$Visitor;)V @ 2
Event: 10924.132 Thread 0x0000000020c48000 Uncommon trap: reason=class_check action=maybe_recompile pc=0x00000000051eb918 method=com.sun.tools.javac.tree.JCTree$JCModifiers.accept(Lcom/sun/tools/javac/tree/JCTree$Visitor;)V @ 2
Event: 10924.132 Thread 0x0000000020c48000 Uncommon trap: reason=class_check action=maybe_recompile pc=0x00000000051eb918 method=com.sun.tools.javac.tree.JCTree$JCModifiers.accept(Lcom/sun/tools/javac/tree/JCTree$Visitor;)V @ 2
Event: 10924.134 Thread 0x0000000020c48000 Uncommon trap: reason=predicate action=maybe_recompile pc=0x00000000051eefe0 method=com.sun.tools.javac.tree.TreeScanner.scan(Lcom/sun/tools/javac/util/List;)V @ 13
Event: 10924.219 Thread 0x0000000020c48000 Uncommon trap: reason=unstable_if action=reinterpret pc=0x0000000002bade4c method=com.sun.tools.javac.util.IntHashTable.lookup(Ljava/lang/Object;I)I @ 67
Event: 10924.219 Thread 0x0000000020c48000 Uncommon trap: reason=unstable_if action=reinterpret pc=0x0000000004ddd3a0 method=com.sun.tools.javac.util.IntHashTable.putAtIndex(Ljava/lang/Object;II)I @ 18
Event: 10924.220 Thread 0x0000000020c48000 Uncommon trap: reason=unstable_if action=reinterpret pc=0x0000000002eaec18 method=com.sun.tools.javac.util.ListBuffer.append(Ljava/lang/Object;)Lcom/sun/tools/javac/util/ListBuffer; @ 9
Event: 10924.262 Thread 0x0000000020c48000 Uncommon trap: reason=bimorphic action=maybe_recompile pc=0x00000000050d69a0 method=com.sun.tools.javac.code.Types$18.visitClassType(Lcom/sun/tools/javac/code/Type$ClassType;Ljava/lang/Void;)Lcom/sun/tools/javac/code/Type; @ 19
Event: 10924.325 Thread 0x0000000020c48000 Uncommon trap: reason=unstable_if action=reinterpret pc=0x0000000004ddf0d8 method=com.sun.tools.javac.util.IntHashTable.lookup(Ljava/lang/Object;I)I @ 67

Classes redefined (0 events):
No events

Internal exceptions (10 events):
Event: 10894.933 Thread 0x0000000020c48000 Exception <a 'java/lang/NoSuchMethodError': <clinit>> (0x00000000e2ccb598) thrown at [D:\src\AOSP-openjdk-cygwin\jdk8u\hotspot\src\share\vm\prims\jni.cpp, line 1614]
Event: 10894.933 Thread 0x0000000020c48000 Exception <a 'java/lang/NoSuchMethodError': <clinit>> (0x00000000e2cd0850) thrown at [D:\src\AOSP-openjdk-cygwin\jdk8u\hotspot\src\share\vm\prims\jni.cpp, line 1614]
Event: 10894.934 Thread 0x0000000020c48000 Exception <a 'java/lang/NoSuchMethodError': <clinit>> (0x00000000e2ce4908) thrown at [D:\src\AOSP-openjdk-cygwin\jdk8u\hotspot\src\share\vm\prims\jni.cpp, line 1614]
Event: 10900.149 Thread 0x0000000020c48000 Exception <a 'java/lang/NoSuchMethodError': <clinit>> (0x00000000e16a3868) thrown at [D:\src\AOSP-openjdk-cygwin\jdk8u\hotspot\src\share\vm\prims\jni.cpp, line 1614]
Event: 10900.150 Thread 0x0000000020c48000 Exception <a 'java/lang/NoSuchMethodError': <clinit>> (0x00000000e16c0428) thrown at [D:\src\AOSP-openjdk-cygwin\jdk8u\hotspot\src\share\vm\prims\jni.cpp, line 1614]
Event: 10900.151 Thread 0x0000000020c48000 Exception <a 'java/lang/NoSuchMethodError': <clinit>> (0x00000000e16dcb48) thrown at [D:\src\AOSP-openjdk-cygwin\jdk8u\hotspot\src\share\vm\prims\jni.cpp, line 1614]
Event: 10900.156 Thread 0x0000000020c48000 Exception <a 'java/lang/NoSuchMethodError': <clinit>> (0x00000000e17169d8) thrown at [D:\src\AOSP-openjdk-cygwin\jdk8u\hotspot\src\share\vm\prims\jni.cpp, line 1614]
Event: 10918.665 Thread 0x0000000020c48000 Implicit null exception at 0x0000000004e50ef5 to 0x0000000004e515e1
Event: 10920.245 Thread 0x0000000020c48000 Implicit null exception at 0x00000000043a6421 to 0x00000000043a6ff9
Event: 10920.953 Thread 0x0000000020c48000 Exception <a 'java/lang/NullPointerException'> (0x00000000e095c200) thrown at [D:\src\AOSP-openjdk-cygwin\jdk8u\hotspot\src\share\vm\interpreter\linkResolver.cpp, line 1185]

Events (10 events):
Event: 10924.255 loading class com/sun/tools/javac/tree/TreeInfo$PosKind$3
Event: 10924.255 loading class com/sun/tools/javac/tree/TreeInfo$PosKind$3 done
Event: 10924.262 Thread 0x0000000020c48000 Uncommon trap: trap_request=0xffffffc6 fr.pc=0x00000000050d69a0
Event: 10924.262 Thread 0x0000000020c48000 DEOPT PACKING pc=0x00000000050d69a0 sp=0x0000000026a561f0
Event: 10924.262 Thread 0x0000000020c48000 DEOPT UNPACKING pc=0x0000000002a9557b sp=0x0000000026a56198 mode 2
Event: 10924.325 Thread 0x0000000020c48000 Uncommon trap: trap_request=0xffffff65 fr.pc=0x0000000004ddf0d8
Event: 10924.325 Thread 0x0000000020c48000 DEOPT PACKING pc=0x0000000004ddf0d8 sp=0x0000000026a57010
Event: 10924.325 Thread 0x0000000020c48000 DEOPT UNPACKING pc=0x0000000002a9557b sp=0x0000000026a56f80 mode 2
Event: 10924.478 Executing VM operation: ForceSafepoint
Event: 10924.479 Executing VM operation: ForceSafepoint done


Dynamic libraries:
0x00007ff65de60000 - 0x00007ff65de91000 	E:\Program Files\Android\Android Studio\jre\bin\java.exe
0x00007ffcbbf20000 - 0x00007ffcbc10d000 	C:\Windows\SYSTEM32\ntdll.dll
0x00007ffcb9950000 - 0x00007ffcb9a03000 	C:\Windows\System32\KERNEL32.DLL
0x00007ffcb8d90000 - 0x00007ffcb9023000 	C:\Windows\System32\KERNELBASE.dll
0x00007ffcb9eb0000 - 0x00007ffcb9f53000 	C:\Windows\System32\ADVAPI32.dll
0x00007ffcb9840000 - 0x00007ffcb98de000 	C:\Windows\System32\msvcrt.dll
0x00007ffcb9140000 - 0x00007ffcb91de000 	C:\Windows\System32\sechost.dll
0x00007ffcbbce0000 - 0x00007ffcbbe02000 	C:\Windows\System32\RPCRT4.dll
0x00007ffcb9d10000 - 0x00007ffcb9ea7000 	C:\Windows\System32\USER32.dll
0x00007ffcb8470000 - 0x00007ffcb8490000 	C:\Windows\System32\win32u.dll
0x00007ffcb9620000 - 0x00007ffcb9649000 	C:\Windows\System32\GDI32.dll
0x00007ffcb8220000 - 0x00007ffcb83b9000 	C:\Windows\System32\gdi32full.dll
0x00007ffcb90a0000 - 0x00007ffcb9140000 	C:\Windows\System32\msvcp_win.dll
0x00007ffcb8be0000 - 0x00007ffcb8cda000 	C:\Windows\System32\ucrtbase.dll
0x00007ffca8d40000 - 0x00007ffca8fb9000 	C:\Windows\WinSxS\amd64_microsoft.windows.common-controls_6595b64144ccf1df_6.0.17763.864_none_05b3441807210760\COMCTL32.dll
0x00007ffcbb9b0000 - 0x00007ffcbbcdc000 	C:\Windows\System32\combase.dll
0x00007ffcb8ce0000 - 0x00007ffcb8d5e000 	C:\Windows\System32\bcryptPrimitives.dll
0x00007ffcb9bf0000 - 0x00007ffcb9c1e000 	C:\Windows\System32\IMM32.DLL
0x000000005b890000 - 0x000000005b962000 	E:\Program Files\Android\Android Studio\jre\jre\bin\msvcr100.dll
0x0000000059130000 - 0x0000000059976000 	E:\Program Files\Android\Android Studio\jre\jre\bin\server\jvm.dll
0x00007ffcb9940000 - 0x00007ffcb9948000 	C:\Windows\System32\PSAPI.DLL
0x00007ffcb1bc0000 - 0x00007ffcb1bca000 	C:\Windows\SYSTEM32\VERSION.dll
0x00007ffcaf360000 - 0x00007ffcaf384000 	C:\Windows\SYSTEM32\WINMM.dll
0x00007ffcaf330000 - 0x00007ffcaf35d000 	C:\Windows\SYSTEM32\winmmbase.dll
0x00007ffcb9050000 - 0x00007ffcb909a000 	C:\Windows\System32\cfgmgr32.dll
0x00007ffca5c10000 - 0x00007ffca5c19000 	C:\Windows\SYSTEM32\WSOCK32.dll
0x00007ffcbb4c0000 - 0x00007ffcbb52d000 	C:\Windows\System32\WS2_32.dll
0x00007ffc99de0000 - 0x00007ffc99def000 	E:\Program Files\Android\Android Studio\jre\jre\bin\verify.dll
0x00007ffc80770000 - 0x00007ffc80799000 	E:\Program Files\Android\Android Studio\jre\jre\bin\java.dll
0x00007ffc7c7b0000 - 0x00007ffc7c7c6000 	E:\Program Files\Android\Android Studio\jre\jre\bin\zip.dll
0x00007ffcb9fc0000 - 0x00007ffcbb4b4000 	C:\Windows\System32\SHELL32.dll
0x00007ffcb9a10000 - 0x00007ffcb9ab8000 	C:\Windows\System32\shcore.dll
0x00007ffcb8490000 - 0x00007ffcb8bdd000 	C:\Windows\System32\windows.storage.dll
0x00007ffcb7f70000 - 0x00007ffcb7f94000 	C:\Windows\System32\profapi.dll
0x00007ffcb7f10000 - 0x00007ffcb7f6d000 	C:\Windows\System32\powrprof.dll
0x00007ffcb98e0000 - 0x00007ffcb9932000 	C:\Windows\System32\shlwapi.dll
0x00007ffcb7fa0000 - 0x00007ffcb7fb1000 	C:\Windows\System32\kernel.appcore.dll
0x00007ffcb9030000 - 0x00007ffcb9047000 	C:\Windows\System32\cryptsp.dll
0x00007ffc7c790000 - 0x00007ffc7c7aa000 	E:\Program Files\Android\Android Studio\jre\jre\bin\net.dll
0x00007ffcb74f0000 - 0x00007ffcb7557000 	C:\Windows\system32\mswsock.dll
0x00007ffc7b4f0000 - 0x00007ffc7b501000 	E:\Program Files\Android\Android Studio\jre\jre\bin\nio.dll
0x00007ffcaa1a0000 - 0x00007ffcaa1c6000 	C:\Users\y.ahmad\.gradle\native\29\windows-amd64\native-platform.dll
0x00007ffc99940000 - 0x00007ffc9994d000 	E:\Program Files\Android\Android Studio\jre\jre\bin\management.dll
0x00007ffcb7080000 - 0x00007ffcb70b3000 	C:\Windows\system32\rsaenh.dll
0x00007ffcb8d60000 - 0x00007ffcb8d86000 	C:\Windows\System32\bcrypt.dll
0x00007ffcb7e10000 - 0x00007ffcb7e38000 	C:\Windows\SYSTEM32\USERENV.dll
0x00007ffcb7670000 - 0x00007ffcb767c000 	C:\Windows\SYSTEM32\CRYPTBASE.dll
0x00007ffcb7220000 - 0x00007ffcb725d000 	C:\Windows\SYSTEM32\IPHLPAPI.DLL
0x00007ffcb9c20000 - 0x00007ffcb9c28000 	C:\Windows\System32\NSI.dll
0x00007ffcb45d0000 - 0x00007ffcb45e6000 	C:\Windows\SYSTEM32\dhcpcsvc6.DLL
0x00007ffcb4560000 - 0x00007ffcb457c000 	C:\Windows\SYSTEM32\dhcpcsvc.DLL
0x00007ffcb7260000 - 0x00007ffcb7326000 	C:\Windows\SYSTEM32\DNSAPI.dll
0x0000000066e00000 - 0x0000000066f03000 	C:\Users\y.ahmad\AppData\Local\Temp\room-823c7380-4f72-4c11-a5d8-b504f6622c6c\sqlite-3.25.2-e1207379-9f2c-4747-9bda-59bea5123649-sqlitejdbc.dll

VM Arguments:
jvm_args: -Xmx1536m -Dfile.encoding=windows-1252 -Duser.country=US -Duser.language=en -Duser.variant 
java_command: org.gradle.launcher.daemon.bootstrap.GradleDaemon 5.4.1
java_class_path (initial): C:\Users\y.ahmad\.gradle\wrapper\dists\gradle-5.4.1-all\3221gyojl5jsh0helicew7rwx\gradle-5.4.1\lib\gradle-launcher-5.4.1.jar
Launcher Type: SUN_STANDARD

Environment Variables:
JAVA_HOME=C:\Program Files (x86)\Java\jdk1.8.0_111\
CLASSPATH=C:\Users\y.ahmad\Downloads\iguana-master\iguana-master\target\iguanatool-1.0-jar-with-dependencies.jar
PATH=C:\ProgramData\DockerDesktop\version-bin;C:\Program Files\Docker\Docker\Resources\bin;C:\Program Files\Java\jdk1.8.0_211\bin;C:\DevSuiteHome_1\jdk\jre\bin\classic;C:\DevSuiteHome_1\jdk\jre\bin;C:\DevSuiteHome_1\jdk\jre\bin\client;C:\DevSuiteHome_1\jlib;C:\DevSuiteHome_1\bin;C:\DevSuiteHome_1\jre\1.4.2\bin\client;C:\DevSuiteHome_1\jre\1.4.2\bin;C:\Program Files (x86)\Common Files\Oracle\Java\javapath;C:\Windows\system32;C:\Windows;C:\Windows\System32\Wbem;C:\Windows\System32\WindowsPowerShell\v1.0\;C:\Windows\System32\OpenSSH\;C:\Program Files (x86)\Microsoft SQL Server\150\DTS\Binn\;C:\Program Files\Microsoft SQL Server\120\DTS\Binn\;C:\Program Files\Microsoft SQL Server\Client SDK\ODBC\110\Tools\Binn\;C:\Program Files (x86)\Microsoft SQL Server\120\Tools\Binn\;C:\Program Files\Microsoft SQL Server\120\Tools\Binn\;C:\Program Files (x86)\Microsoft SQL Server\120\Tools\Binn\ManagementStudio\;C:\Program Files (x86)\Microsoft SQL Server\120\DTS\Binn\;C:\Users\y.ahmad\Documents\NetBeansProjects\iguana\target;C:\Program Files\apache-maven-3.6.1\bin;C:\Program Files (x86)\Java\jdk1.8.0_111\bin;C:\TDM-GCC-64\bin;C:\Program Files\Git\cmd;C:\Program Files\Microsoft SQL Server\Client SDK\ODBC\130\Tools\Binn\;C:\Program Files (x86)\Microsoft SQL Server\140\Tools\Binn\;C:\Program Files\Microsoft SQL Server\140\Tools\Binn\;C:\Program Files\Microsoft SQL Server\140\DTS\Binn\;E:\Program Files\Microsoft VS Code\bin;C:\nodejs\;C:\Program Files\MySQL\MySQL Shell 8.0\bin\;C:\Users\y.ahmad\AppData\Roaming\npm
USERNAME=y.ahmad
OS=Windows_NT
PROCESSOR_IDENTIFIER=Intel64 Family 6 Model 60 Stepping 3, GenuineIntel



---------------  S Y S T E M  ---------------

OS: Windows 10.0 , 64 bit Build 17763 (10.0.17763.475)

CPU:total 4 (initial active 4) (4 cores per cpu, 1 threads per core) family 6 model 60 stepping 3, cmov, cx8, fxsr, mmx, sse, sse2, sse3, ssse3, sse4.1, sse4.2, popcnt, avx, avx2, aes, clmul, erms, lzcnt, tsc, tscinvbit, bmi1, bmi2

Memory: 4k page, physical 4105100k(344804k free), swap 8201100k(11104k free)

vm_info: OpenJDK 64-Bit Server VM (25.202-b03) for windows-amd64 JRE (1.8.0_202-release-1483-b03), built by "builder" with MS VC++ 10.0 (VS2010)

time: Thu Nov 21 13:57:26 2019
timezone: Arab Standard Time
elapsed time: 10925 seconds (0d 3h 2m 5s)

